<?xml version="1.0" encoding="UTF-8"?>
<!-- Generated by org.testng.reporters.JUnitXMLReporter -->
<testsuite ignored="6" hostname="Asus" failures="0" tests="6" name="Surefire test" time="34.751" errors="0" timestamp="2026-04-12T14:31:40 IST">
  <testcase classname="com.scm.login_verifications.InvalidLoginsTest" name="invalidManuloginsTest" time="0.792"/>
  <testcase classname="com.scm.login_verifications.InvalidLoginsTest" name="invalidRetailerloginsTest" time="0.402"/>
  <testcase classname="com.scm.login_verifications.InvalidLoginsTest" name="invalidlAdminoginsTest" time="0.382"/>
  <testcase classname="com.scm.login_verifications.VerifyAdminLoginWithValidCredTest" name="verifyAdminLogin" time="0.064"/>
  <testcase classname="com.scm.login_verifications.VerifyManufacturerLoginWithValidCredTest" name="verifyManuLogin" time="0.059"/>
  <testcase classname="com.scm.login_verifications.VerifyRetailerLoginWithValidCredTest" name="verifyRetailerLogin" time="0.043"/>
  <testcase classname="com.scm.baseclasses.SuperBaseClass" name="@AfterSuite afterSuiteConfigMethod" time="0.0">
    <ignored/>
  </testcase> <!-- @AfterSuite afterSuiteConfigMethod -->
  <testcase classname="com.scm.baseclasses.SuperBaseClass" name="@BeforeSuite beforeSuitConfigMethod" time="0.0">
    <ignored/>
  </testcase> <!-- @BeforeSuite beforeSuitConfigMethod -->
  <testcase classname="com.scm.baseclasses.SuperBaseClass" name="@AfterSuite afterSuiteConfigMethod" time="0.0">
    <ignored/>
  </testcase> <!-- @AfterSuite afterSuiteConfigMethod -->
  <testcase classname="com.scm.baseclasses.SuperBaseClass" name="@BeforeSuite beforeSuitConfigMethod" time="0.0">
    <ignored/>
  </testcase> <!-- @BeforeSuite beforeSuitConfigMethod -->
  <testcase classname="com.scm.baseclasses.SuperBaseClass" name="@BeforeSuite beforeSuitConfigMethod" time="0.0">
    <ignored/>
  </testcase> <!-- @BeforeSuite beforeSuitConfigMethod -->
  <testcase classname="com.scm.baseclasses.SuperBaseClass" name="@AfterSuite afterSuiteConfigMethod" time="0.0">
    <ignored/>
  </testcase> <!-- @AfterSuite afterSuiteConfigMethod -->
</testsuite> <!-- Surefire test -->
