<?xml version="1.0" encoding="UTF-8"?>
<!-- Generated by org.testng.reporters.JUnitXMLReporter -->
<testsuite ignored="2" hostname="Asus" failures="0" tests="1" name="Default test" time="2.462" errors="0" timestamp="2026-04-12T14:55:38 IST">
  <testcase classname="com.scm.login_verifications.InvalidLoginsTest" name="invalidlAdminoginsTest" time="0.722"/>
  <testcase classname="com.scm.login_verifications.InvalidLoginsTest" name="invalidManuloginsTest" time="0.0">
    <ignored/>
  </testcase> <!-- invalidManuloginsTest -->
  <testcase classname="com.scm.login_verifications.InvalidLoginsTest" name="invalidRetailerloginsTest" time="0.0">
    <ignored/>
  </testcase> <!-- invalidRetailerloginsTest -->
</testsuite> <!-- Default test -->
