<?xml version="1.0" encoding="UTF-8"?>
<testng-results ignored="0" total="6" passed="6" failed="0" skipped="0">
  <reporter-output>
  </reporter-output>
  <suite started-at="2026-04-12T14:31:05 IST" name="Surefire suite" finished-at="2026-04-12T14:31:40 IST" duration-ms="34751">
    <groups>
    </groups>
    <test started-at="2026-04-12T14:31:05 IST" name="Surefire test" finished-at="2026-04-12T14:31:40 IST" duration-ms="34751">
      <class name="com.scm.login_verifications.VerifyRetailerLoginWithValidCredTest">
        <test-method is-config="true" signature="beforeClassConfigMethod(org.testng.xml.XmlTest)[pri:0, instance:com.scm.login_verifications.VerifyRetailerLoginWithValidCredTest@3d680b5a]" started-at="2026-04-12T14:31:38 IST" name="beforeClassConfigMethod" finished-at="2026-04-12T14:31:39 IST" duration-ms="1080" status="PASS">
          <params>
            <param index="0">
              <value>
                <![CDATA[org.testng.xml.XmlTest@13790c42]]>
              </value>
            </param>
          </params>
          <reporter-output>
          </reporter-output>
        </test-method> <!-- beforeClassConfigMethod -->
        <test-method is-config="true" signature="retailerLogin()[pri:0, instance:com.scm.login_verifications.VerifyRetailerLoginWithValidCredTest@3d680b5a]" started-at="2026-04-12T14:31:39 IST" name="retailerLogin" finished-at="2026-04-12T14:31:40 IST" duration-ms="518" status="PASS">
          <reporter-output>
          </reporter-output>
        </test-method> <!-- retailerLogin -->
        <test-method signature="verifyRetailerLogin()[pri:0, instance:com.scm.login_verifications.VerifyRetailerLoginWithValidCredTest@3d680b5a]" started-at="2026-04-12T14:31:40 IST" name="verifyRetailerLogin" finished-at="2026-04-12T14:31:40 IST" duration-ms="43" status="PASS">
          <reporter-output>
          </reporter-output>
        </test-method> <!-- verifyRetailerLogin -->
        <test-method is-config="true" signature="retailerLogout()[pri:0, instance:com.scm.login_verifications.VerifyRetailerLoginWithValidCredTest@3d680b5a]" started-at="2026-04-12T14:31:40 IST" name="retailerLogout" finished-at="2026-04-12T14:31:40 IST" duration-ms="179" status="PASS">
          <reporter-output>
          </reporter-output>
        </test-method> <!-- retailerLogout -->
        <test-method is-config="true" signature="afterClassConfigMethod()[pri:0, instance:com.scm.login_verifications.VerifyRetailerLoginWithValidCredTest@3d680b5a]" started-at="2026-04-12T14:31:40 IST" name="afterClassConfigMethod" finished-at="2026-04-12T14:31:40 IST" duration-ms="140" status="PASS">
          <reporter-output>
          </reporter-output>
        </test-method> <!-- afterClassConfigMethod -->
      </class> <!-- com.scm.login_verifications.VerifyRetailerLoginWithValidCredTest -->
      <class name="com.scm.login_verifications.VerifyManufacturerLoginWithValidCredTest">
        <test-method is-config="true" signature="beforeClassConfigMethod(org.testng.xml.XmlTest)[pri:0, instance:com.scm.login_verifications.VerifyManufacturerLoginWithValidCredTest@48e4374]" started-at="2026-04-12T14:31:36 IST" name="beforeClassConfigMethod" finished-at="2026-04-12T14:31:37 IST" duration-ms="1128" status="PASS">
          <params>
            <param index="0">
              <value>
                <![CDATA[org.testng.xml.XmlTest@13790c42]]>
              </value>
            </param>
          </params>
          <reporter-output>
          </reporter-output>
        </test-method> <!-- beforeClassConfigMethod -->
        <test-method is-config="true" signature="manufacturerLogin()[pri:0, instance:com.scm.login_verifications.VerifyManufacturerLoginWithValidCredTest@48e4374]" started-at="2026-04-12T14:31:37 IST" name="manufacturerLogin" finished-at="2026-04-12T14:31:38 IST" duration-ms="600" status="PASS">
          <reporter-output>
          </reporter-output>
        </test-method> <!-- manufacturerLogin -->
        <test-method signature="verifyManuLogin()[pri:0, instance:com.scm.login_verifications.VerifyManufacturerLoginWithValidCredTest@48e4374]" started-at="2026-04-12T14:31:38 IST" name="verifyManuLogin" finished-at="2026-04-12T14:31:38 IST" duration-ms="59" status="PASS">
          <reporter-output>
          </reporter-output>
        </test-method> <!-- verifyManuLogin -->
        <test-method is-config="true" signature="manufacturerLogout()[pri:0, instance:com.scm.login_verifications.VerifyManufacturerLoginWithValidCredTest@48e4374]" started-at="2026-04-12T14:31:38 IST" name="manufacturerLogout" finished-at="2026-04-12T14:31:38 IST" duration-ms="173" status="PASS">
          <reporter-output>
          </reporter-output>
        </test-method> <!-- manufacturerLogout -->
        <test-method is-config="true" signature="afterClassConfigMethod()[pri:0, instance:com.scm.login_verifications.VerifyManufacturerLoginWithValidCredTest@48e4374]" started-at="2026-04-12T14:31:38 IST" name="afterClassConfigMethod" finished-at="2026-04-12T14:31:38 IST" duration-ms="141" status="PASS">
          <reporter-output>
          </reporter-output>
        </test-method> <!-- afterClassConfigMethod -->
      </class> <!-- com.scm.login_verifications.VerifyManufacturerLoginWithValidCredTest -->
      <class name="com.scm.login_verifications.VerifyAdminLoginWithValidCredTest">
        <test-method is-config="true" signature="beforeClassConfigMethod(org.testng.xml.XmlTest)[pri:0, instance:com.scm.login_verifications.VerifyAdminLoginWithValidCredTest@6ef888f6]" started-at="2026-04-12T14:31:34 IST" name="beforeClassConfigMethod" finished-at="2026-04-12T14:31:35 IST" duration-ms="1098" status="PASS">
          <params>
            <param index="0">
              <value>
                <![CDATA[org.testng.xml.XmlTest@13790c42]]>
              </value>
            </param>
          </params>
          <reporter-output>
          </reporter-output>
        </test-method> <!-- beforeClassConfigMethod -->
        <test-method is-config="true" signature="adminLogin()[pri:0, instance:com.scm.login_verifications.VerifyAdminLoginWithValidCredTest@6ef888f6]" started-at="2026-04-12T14:31:35 IST" name="adminLogin" finished-at="2026-04-12T14:31:35 IST" duration-ms="624" status="PASS">
          <reporter-output>
          </reporter-output>
        </test-method> <!-- adminLogin -->
        <test-method signature="verifyAdminLogin()[pri:0, instance:com.scm.login_verifications.VerifyAdminLoginWithValidCredTest@6ef888f6]" started-at="2026-04-12T14:31:35 IST" name="verifyAdminLogin" finished-at="2026-04-12T14:31:36 IST" duration-ms="64" status="PASS">
          <reporter-output>
          </reporter-output>
        </test-method> <!-- verifyAdminLogin -->
        <test-method is-config="true" signature="adminLogout()[pri:0, instance:com.scm.login_verifications.VerifyAdminLoginWithValidCredTest@6ef888f6]" started-at="2026-04-12T14:31:36 IST" name="adminLogout" finished-at="2026-04-12T14:31:36 IST" duration-ms="166" status="PASS">
          <reporter-output>
          </reporter-output>
        </test-method> <!-- adminLogout -->
        <test-method is-config="true" signature="afterClassConfigMethod()[pri:0, instance:com.scm.login_verifications.VerifyAdminLoginWithValidCredTest@6ef888f6]" started-at="2026-04-12T14:31:36 IST" name="afterClassConfigMethod" finished-at="2026-04-12T14:31:36 IST" duration-ms="143" status="PASS">
          <reporter-output>
          </reporter-output>
        </test-method> <!-- afterClassConfigMethod -->
      </class> <!-- com.scm.login_verifications.VerifyAdminLoginWithValidCredTest -->
      <class name="com.scm.login_verifications.InvalidLoginsTest">
        <test-method is-config="true" signature="beforeSuitConfigMethod()[pri:0, instance:com.scm.login_verifications.InvalidLoginsTest@6af93788]" started-at="2026-04-12T14:31:05 IST" name="beforeSuitConfigMethod" finished-at="2026-04-12T14:31:05 IST" duration-ms="15" status="PASS">
          <reporter-output>
          </reporter-output>
        </test-method> <!-- beforeSuitConfigMethod -->
        <test-method is-config="true" signature="beforeClassConfigMethod(org.testng.xml.XmlTest)[pri:0, instance:com.scm.login_verifications.InvalidLoginsTest@6af93788]" started-at="2026-04-12T14:31:05 IST" name="beforeClassConfigMethod" finished-at="2026-04-12T14:31:32 IST" duration-ms="26805" status="PASS">
          <params>
            <param index="0">
              <value>
                <![CDATA[org.testng.xml.XmlTest@13790c42]]>
              </value>
            </param>
          </params>
          <reporter-output>
          </reporter-output>
        </test-method> <!-- beforeClassConfigMethod -->
        <test-method signature="invalidManuloginsTest()[pri:0, instance:com.scm.login_verifications.InvalidLoginsTest@6af93788]" started-at="2026-04-12T14:31:32 IST" name="invalidManuloginsTest" finished-at="2026-04-12T14:31:33 IST" duration-ms="792" status="PASS">
          <reporter-output>
          </reporter-output>
        </test-method> <!-- invalidManuloginsTest -->
        <test-method signature="invalidRetailerloginsTest()[pri:0, instance:com.scm.login_verifications.InvalidLoginsTest@6af93788]" started-at="2026-04-12T14:31:33 IST" name="invalidRetailerloginsTest" finished-at="2026-04-12T14:31:33 IST" duration-ms="402" status="PASS">
          <reporter-output>
          </reporter-output>
        </test-method> <!-- invalidRetailerloginsTest -->
        <test-method signature="invalidlAdminoginsTest()[pri:0, instance:com.scm.login_verifications.InvalidLoginsTest@6af93788]" started-at="2026-04-12T14:31:33 IST" name="invalidlAdminoginsTest" finished-at="2026-04-12T14:31:34 IST" duration-ms="382" status="PASS">
          <reporter-output>
          </reporter-output>
        </test-method> <!-- invalidlAdminoginsTest -->
        <test-method is-config="true" signature="afterClassConfigMethod()[pri:0, instance:com.scm.login_verifications.InvalidLoginsTest@6af93788]" started-at="2026-04-12T14:31:34 IST" name="afterClassConfigMethod" finished-at="2026-04-12T14:31:34 IST" duration-ms="172" status="PASS">
          <reporter-output>
          </reporter-output>
        </test-method> <!-- afterClassConfigMethod -->
        <test-method is-config="true" signature="afterSuiteConfigMethod()[pri:0, instance:com.scm.login_verifications.InvalidLoginsTest@6af93788]" started-at="2026-04-12T14:31:40 IST" name="afterSuiteConfigMethod" finished-at="2026-04-12T14:31:40 IST" duration-ms="0" status="PASS">
          <reporter-output>
          </reporter-output>
        </test-method> <!-- afterSuiteConfigMethod -->
      </class> <!-- com.scm.login_verifications.InvalidLoginsTest -->
    </test> <!-- Surefire test -->
  </suite> <!-- Surefire suite -->
</testng-results>
