<?xml version="1.0" encoding="UTF-8"?>
<testng-results ignored="0" total="1" passed="1" failed="0" skipped="0">
  <reporter-output>
  </reporter-output>
  <suite started-at="2026-04-12T14:32:14 IST" name="Default suite" finished-at="2026-04-12T14:32:17 IST" duration-ms="2887">
    <groups>
    </groups>
    <test started-at="2026-04-12T14:32:14 IST" name="Default test" finished-at="2026-04-12T14:32:17 IST" duration-ms="2887">
      <class name="com.scm.login_verifications.VerifyRetailerLoginWithValidCredTest">
        <test-method is-config="true" signature="beforeSuitConfigMethod()[pri:0, instance:com.scm.login_verifications.VerifyRetailerLoginWithValidCredTest@3c46e67a]" started-at="2026-04-12T14:32:14 IST" name="beforeSuitConfigMethod" finished-at="2026-04-12T14:32:14 IST" duration-ms="14" status="PASS">
          <reporter-output>
          </reporter-output>
        </test-method> <!-- beforeSuitConfigMethod -->
        <test-method is-config="true" signature="beforeClassConfigMethod(org.testng.xml.XmlTest)[pri:0, instance:com.scm.login_verifications.VerifyRetailerLoginWithValidCredTest@3c46e67a]" started-at="2026-04-12T14:32:14 IST" name="beforeClassConfigMethod" finished-at="2026-04-12T14:32:16 IST" duration-ms="1718" status="PASS">
          <params>
            <param index="0">
              <value>
                <![CDATA[org.testng.xml.XmlTest@387b77]]>
              </value>
            </param>
          </params>
          <reporter-output>
          </reporter-output>
        </test-method> <!-- beforeClassConfigMethod -->
        <test-method is-config="true" signature="retailerLogin()[pri:0, instance:com.scm.login_verifications.VerifyRetailerLoginWithValidCredTest@3c46e67a]" started-at="2026-04-12T14:32:16 IST" name="retailerLogin" finished-at="2026-04-12T14:32:17 IST" duration-ms="694" status="PASS">
          <reporter-output>
          </reporter-output>
        </test-method> <!-- retailerLogin -->
        <test-method signature="verifyRetailerLogin()[pri:0, instance:com.scm.login_verifications.VerifyRetailerLoginWithValidCredTest@3c46e67a]" started-at="2026-04-12T14:32:17 IST" name="verifyRetailerLogin" finished-at="2026-04-12T14:32:17 IST" duration-ms="51" status="PASS">
          <reporter-output>
          </reporter-output>
        </test-method> <!-- verifyRetailerLogin -->
        <test-method is-config="true" signature="retailerLogout()[pri:0, instance:com.scm.login_verifications.VerifyRetailerLoginWithValidCredTest@3c46e67a]" started-at="2026-04-12T14:32:17 IST" name="retailerLogout" finished-at="2026-04-12T14:32:17 IST" duration-ms="207" status="PASS">
          <reporter-output>
          </reporter-output>
        </test-method> <!-- retailerLogout -->
        <test-method is-config="true" signature="afterClassConfigMethod()[pri:0, instance:com.scm.login_verifications.VerifyRetailerLoginWithValidCredTest@3c46e67a]" started-at="2026-04-12T14:32:17 IST" name="afterClassConfigMethod" finished-at="2026-04-12T14:32:17 IST" duration-ms="173" status="PASS">
          <reporter-output>
          </reporter-output>
        </test-method> <!-- afterClassConfigMethod -->
        <test-method is-config="true" signature="afterSuiteConfigMethod()[pri:0, instance:com.scm.login_verifications.VerifyRetailerLoginWithValidCredTest@3c46e67a]" started-at="2026-04-12T14:32:17 IST" name="afterSuiteConfigMethod" finished-at="2026-04-12T14:32:17 IST" duration-ms="0" status="PASS">
          <reporter-output>
          </reporter-output>
        </test-method> <!-- afterSuiteConfigMethod -->
      </class> <!-- com.scm.login_verifications.VerifyRetailerLoginWithValidCredTest -->
    </test> <!-- Default test -->
  </suite> <!-- Default suite -->
</testng-results>
