<?xml version="1.0" encoding="UTF-8"?>
<testng-results ignored="0" total="1" passed="1" failed="0" skipped="0">
  <reporter-output>
  </reporter-output>
  <suite started-at="2026-04-09T19:53:01 IST" name="Default suite" finished-at="2026-04-09T19:53:13 IST" duration-ms="12565">
    <groups>
    </groups>
    <test started-at="2026-04-09T19:53:01 IST" name="Default test" finished-at="2026-04-09T19:53:13 IST" duration-ms="12565">
      <class name="com.scm.login_verifications.VerifyManufacturerLoginWithValidCredTest">
        <test-method is-config="true" signature="beforeSuitConfigMethod()[pri:0, instance:com.scm.login_verifications.VerifyManufacturerLoginWithValidCredTest@3c46e67a]" started-at="2026-04-09T19:53:01 IST" name="beforeSuitConfigMethod" finished-at="2026-04-09T19:53:01 IST" duration-ms="14" status="PASS">
          <reporter-output>
          </reporter-output>
        </test-method> <!-- beforeSuitConfigMethod -->
        <test-method is-config="true" signature="beforeClassConfigMethod(org.testng.xml.XmlTest)[pri:0, instance:com.scm.login_verifications.VerifyManufacturerLoginWithValidCredTest@3c46e67a]" started-at="2026-04-09T19:53:01 IST" name="beforeClassConfigMethod" finished-at="2026-04-09T19:53:06 IST" duration-ms="5531" status="PASS">
          <params>
            <param index="0">
              <value>
                <![CDATA[org.testng.xml.XmlTest@1b242d09]]>
              </value>
            </param>
          </params>
          <reporter-output>
          </reporter-output>
        </test-method> <!-- beforeClassConfigMethod -->
        <test-method is-config="true" signature="manufacturerLogin()[pri:0, instance:com.scm.login_verifications.VerifyManufacturerLoginWithValidCredTest@3c46e67a]" started-at="2026-04-09T19:53:06 IST" name="manufacturerLogin" finished-at="2026-04-09T19:53:07 IST" duration-ms="849" status="PASS">
          <reporter-output>
          </reporter-output>
        </test-method> <!-- manufacturerLogin -->
        <test-method signature="verifyManuLogin()[pri:0, instance:com.scm.login_verifications.VerifyManufacturerLoginWithValidCredTest@3c46e67a]" started-at="2026-04-09T19:53:07 IST" name="verifyManuLogin" finished-at="2026-04-09T19:53:07 IST" duration-ms="20" status="PASS">
          <reporter-output>
          </reporter-output>
        </test-method> <!-- verifyManuLogin -->
        <test-method is-config="true" signature="manufacturerLogout()[pri:0, instance:com.scm.login_verifications.VerifyManufacturerLoginWithValidCredTest@3c46e67a]" started-at="2026-04-09T19:53:07 IST" name="manufacturerLogout" finished-at="2026-04-09T19:53:07 IST" duration-ms="136" status="PASS">
          <reporter-output>
          </reporter-output>
        </test-method> <!-- manufacturerLogout -->
        <test-method is-config="true" signature="afterClassConfigMethod()[pri:0, instance:com.scm.login_verifications.VerifyManufacturerLoginWithValidCredTest@3c46e67a]" started-at="2026-04-09T19:53:07 IST" name="afterClassConfigMethod" finished-at="2026-04-09T19:53:13 IST" duration-ms="5972" status="PASS">
          <reporter-output>
          </reporter-output>
        </test-method> <!-- afterClassConfigMethod -->
        <test-method is-config="true" signature="afterSuiteConfigMethod()[pri:0, instance:com.scm.login_verifications.VerifyManufacturerLoginWithValidCredTest@3c46e67a]" started-at="2026-04-09T19:53:13 IST" name="afterSuiteConfigMethod" finished-at="2026-04-09T19:53:13 IST" duration-ms="0" status="PASS">
          <reporter-output>
          </reporter-output>
        </test-method> <!-- afterSuiteConfigMethod -->
      </class> <!-- com.scm.login_verifications.VerifyManufacturerLoginWithValidCredTest -->
    </test> <!-- Default test -->
  </suite> <!-- Default suite -->
</testng-results>
