<?xml version="1.0" encoding="UTF-8"?>
<!-- Generated by org.testng.reporters.JUnitReportReporter -->
<testsuite hostname="Asus" failures="0" tests="1" name="com.scm.login_verifications.VerifyAdminLoginWithValidCredTest" time="0.781" errors="0" timestamp="2026-04-12T19:42:33 IST" skipped="0">
  <testcase classname="com.scm.login_verifications.VerifyAdminLoginWithValidCredTest" name="verifyAdminLogin" time="0.781"/>
</testsuite> <!-- com.scm.login_verifications.VerifyAdminLoginWithValidCredTest -->
