<?xml version="1.0" encoding="UTF-8"?>
<!-- Generated by org.testng.reporters.JUnitReportReporter -->
<testsuite hostname="Asus" failures="0" tests="1" name="com.scm.login_verifications.VerifyManufacturerLoginWithValidCredTest" time="1.005" errors="0" timestamp="2026-04-09T19:53:13 IST" skipped="0">
  <testcase classname="com.scm.login_verifications.VerifyManufacturerLoginWithValidCredTest" name="verifyManuLogin" time="1.005"/>
</testsuite> <!-- com.scm.login_verifications.VerifyManufacturerLoginWithValidCredTest -->
