<?xml version="1.0" encoding="UTF-8"?>
<!-- Generated by org.testng.reporters.JUnitReportReporter -->
<testsuite hostname="Asus" failures="0" tests="1" name="com.scm.login_verifications.VerifyAdminLoginWithValidCredTest" time="0.795" errors="0" timestamp="2026-04-09T21:10:01 IST" skipped="0">
  <testcase classname="com.scm.login_verifications.VerifyAdminLoginWithValidCredTest" name="verifyAdminLogin" time="0.795"/>
</testsuite> <!-- com.scm.login_verifications.VerifyAdminLoginWithValidCredTest -->
