<?xml version="1.0" encoding="UTF-8"?>
<!-- Generated by org.testng.reporters.JUnitReportReporter -->
<testsuite hostname="Asus" failures="0" tests="1" name="com.scm.login_verifications.VerifyRetailerLoginWithValidCredTest" time="0.769" errors="0" timestamp="2026-04-15T19:27:24 IST" skipped="0">
  <testcase classname="com.scm.login_verifications.VerifyRetailerLoginWithValidCredTest" name="verifyRetailerLogin" time="0.769"/>
</testsuite> <!-- com.scm.login_verifications.VerifyRetailerLoginWithValidCredTest -->
