<?xml version="1.0" encoding="UTF-8"?>
<!-- Generated by org.testng.reporters.JUnitReportReporter -->
<testsuite hostname="Asus" failures="0" tests="3" name="com.scm.login_verifications.InvalidLoginsTest" time="6.690" errors="0" timestamp="2026-04-15T19:27:24 IST" skipped="0">
  <testcase classname="com.scm.login_verifications.InvalidLoginsTest" name="invalidManuloginsTest" time="1.622"/>
  <testcase classname="com.scm.login_verifications.InvalidLoginsTest" name="invalidAdminLoginsTest" time="1.661"/>
  <testcase classname="com.scm.login_verifications.InvalidLoginsTest" name="invalidRetailerloginsTest" time="3.407"/>
</testsuite> <!-- com.scm.login_verifications.InvalidLoginsTest -->
